<?xml version="1.0" encoding="UTF-8"?>
<testng-results ignored="6" total="10" passed="4" failed="0" skipped="0">
  <reporter-output>
  </reporter-output>
  <suite started-at="2021-02-06T09:56:40 EET" name="Nagwa" finished-at="2021-02-06T09:56:53 EET" duration-ms="13890">
    <groups>
    </groups>
    <test started-at="2021-02-06T09:56:40 EET" name="Test" finished-at="2021-02-06T09:56:53 EET" duration-ms="13890">
      <class name="tests.LeasonInnerPageTests">
        <test-method signature="InnerLeason()[pri:0, instance:tests.LeasonInnerPageTests@69fb6037]" started-at="2021-02-06T09:56:49 EET" name="InnerLeason" finished-at="2021-02-06T09:56:53 EET" duration-ms="3955" status="PASS">
          <reporter-output>
          </reporter-output>
        </test-method> <!-- InnerLeason -->
        <test-method is-config="true" signature="ScreenShot(org.testng.ITestResult)[pri:0, instance:tests.LeasonInnerPageTests@69fb6037]" started-at="2021-02-06T09:56:53 EET" name="ScreenShot" finished-at="2021-02-06T09:56:53 EET" duration-ms="0" status="PASS">
          <params>
            <param index="0">
              <value>
                <![CDATA[[TestResult name=InnerLeason status=SUCCESS method=LeasonInnerPageTests.InnerLeason()[pri:0, instance:tests.LeasonInnerPageTests@69fb6037] output={null}]]]>
              </value>
            </param>
          </params>
          <reporter-output>
          </reporter-output>
        </test-method> <!-- ScreenShot -->
      </class> <!-- tests.LeasonInnerPageTests -->
      <class name="tests.SearchingTest">
        <test-method signature="SearchingFunction()[pri:0, instance:tests.SearchingTest@5f16132a]" started-at="2021-02-06T09:56:42 EET" name="SearchingFunction" finished-at="2021-02-06T09:56:49 EET" duration-ms="6927" status="PASS">
          <reporter-output>
          </reporter-output>
        </test-method> <!-- SearchingFunction -->
        <test-method is-config="true" signature="ScreenShot(org.testng.ITestResult)[pri:0, instance:tests.SearchingTest@5f16132a]" started-at="2021-02-06T09:56:49 EET" name="ScreenShot" finished-at="2021-02-06T09:56:49 EET" duration-ms="0" status="PASS">
          <params>
            <param index="0">
              <value>
                <![CDATA[[TestResult name=SearchingFunction status=SUCCESS method=SearchingTest.SearchingFunction()[pri:0, instance:tests.SearchingTest@5f16132a] output={null}]]]>
              </value>
            </param>
          </params>
          <reporter-output>
          </reporter-output>
        </test-method> <!-- ScreenShot -->
      </class> <!-- tests.SearchingTest -->
      <class name="tests.SelectingLanguageTest">
        <test-method is-config="true" signature="StartDriver(java.lang.String)[pri:0, instance:tests.SelectingLanguageTest@dd0c991]" started-at="2021-02-06T09:56:20 EET" name="StartDriver" finished-at="2021-02-06T09:56:40 EET" duration-ms="19403" status="PASS">
          <params>
            <param index="0">
              <value>
                <![CDATA[chrome]]>
              </value>
            </param>
          </params>
          <reporter-output>
          </reporter-output>
        </test-method> <!-- StartDriver -->
        <test-method signature="SelectWebsiteLanguage()[pri:0, instance:tests.SelectingLanguageTest@dd0c991]" started-at="2021-02-06T09:56:40 EET" name="SelectWebsiteLanguage" finished-at="2021-02-06T09:56:42 EET" duration-ms="2921" status="PASS">
          <reporter-output>
          </reporter-output>
        </test-method> <!-- SelectWebsiteLanguage -->
        <test-method is-config="true" signature="ScreenShot(org.testng.ITestResult)[pri:0, instance:tests.SelectingLanguageTest@dd0c991]" started-at="2021-02-06T09:56:42 EET" name="ScreenShot" finished-at="2021-02-06T09:56:42 EET" duration-ms="2" status="PASS">
          <params>
            <param index="0">
              <value>
                <![CDATA[[TestResult name=SelectWebsiteLanguage status=SUCCESS method=SelectingLanguageTest.SelectWebsiteLanguage()[pri:0, instance:tests.SelectingLanguageTest@dd0c991] output={null}]]]>
              </value>
            </param>
          </params>
          <reporter-output>
          </reporter-output>
        </test-method> <!-- ScreenShot -->
        <test-method is-config="true" signature="StopDriver()[pri:0, instance:tests.SelectingLanguageTest@dd0c991]" started-at="2021-02-06T09:56:53 EET" name="StopDriver" finished-at="2021-02-06T09:56:54 EET" duration-ms="852" status="PASS">
          <reporter-output>
          </reporter-output>
        </test-method> <!-- StopDriver -->
      </class> <!-- tests.SelectingLanguageTest -->
      <class name="tests.WorkSheetTests">
        <test-method signature="CountingQuestions()[pri:0, instance:tests.WorkSheetTests@36d585c]" started-at="2021-02-06T09:56:53 EET" name="CountingQuestions" finished-at="2021-02-06T09:56:53 EET" duration-ms="32" status="PASS">
          <reporter-output>
          </reporter-output>
        </test-method> <!-- CountingQuestions -->
        <test-method is-config="true" signature="ScreenShot(org.testng.ITestResult)[pri:0, instance:tests.WorkSheetTests@36d585c]" started-at="2021-02-06T09:56:53 EET" name="ScreenShot" finished-at="2021-02-06T09:56:53 EET" duration-ms="0" status="PASS">
          <params>
            <param index="0">
              <value>
                <![CDATA[[TestResult name=CountingQuestions status=SUCCESS method=WorkSheetTests.CountingQuestions()[pri:0, instance:tests.WorkSheetTests@36d585c] output={null}]]]>
              </value>
            </param>
          </params>
          <reporter-output>
          </reporter-output>
        </test-method> <!-- ScreenShot -->
      </class> <!-- tests.WorkSheetTests -->
    </test> <!-- Test -->
  </suite> <!-- Nagwa -->
</testng-results>
