<?xml version="1.0" encoding="UTF-8"?>
<!-- Generated by org.testng.reporters.JUnitXMLReporter -->
<testsuite ignored="6" hostname="Rania-LAP" failures="0" tests="4" name="Test" time="13.89" errors="0" timestamp="2021-02-06T09:56:53 EET">
  <testcase classname="tests.SelectingLanguageTest" name="SelectWebsiteLanguage" time="2.921"/>
  <testcase classname="tests.SearchingTest" name="SearchingFunction" time="6.927"/>
  <testcase classname="tests.LeasonInnerPageTests" name="InnerLeason" time="3.955"/>
  <testcase classname="tests.WorkSheetTests" name="CountingQuestions" time="0.032"/>
  <testcase classname="tests.TestBase" name="@AfterSuite StopDriver" time="0.0">
    <ignored/>
  </testcase> <!-- @AfterSuite StopDriver -->
  <testcase classname="tests.TestBase" name="@AfterSuite StopDriver" time="0.0">
    <ignored/>
  </testcase> <!-- @AfterSuite StopDriver -->
  <testcase classname="tests.TestBase" name="@AfterSuite StopDriver" time="0.0">
    <ignored/>
  </testcase> <!-- @AfterSuite StopDriver -->
  <testcase classname="tests.TestBase" name="@BeforeSuite StartDriver" time="0.0">
    <ignored/>
  </testcase> <!-- @BeforeSuite StartDriver -->
  <testcase classname="tests.TestBase" name="@BeforeSuite StartDriver" time="0.0">
    <ignored/>
  </testcase> <!-- @BeforeSuite StartDriver -->
  <testcase classname="tests.TestBase" name="@BeforeSuite StartDriver" time="0.0">
    <ignored/>
  </testcase> <!-- @BeforeSuite StartDriver -->
</testsuite> <!-- Test -->
