<?xml version="1.0" encoding="UTF-8"?>
<!-- Generated by org.testng.reporters.JUnitXMLReporter -->
<testsuite ignored="6" hostname="Rania-LAP" failures="0" tests="5" name="Test" time="13.29" errors="0" timestamp="2021-02-06T13:45:47 EET">
  <testcase classname="tests.SelectingLanguageTest" name="SelectWebsiteLanguage" time="1.193"/>
  <testcase classname="tests.SearchingTest" name="SearchingFunction" time="8.861"/>
  <testcase classname="tests.SearchingTest" name="ClickTheSecondLesson" time="1.534"/>
  <testcase classname="tests.LeasonInnerPageTests" name="InnerLeason" time="1.399"/>
  <testcase classname="tests.WorkSheetTests" name="CountingQuestions" time="0.041"/>
  <testcase classname="tests.TestBase" name="@AfterSuite StopDriver" time="0.0">
    <ignored/>
  </testcase> <!-- @AfterSuite StopDriver -->
  <testcase classname="tests.TestBase" name="@AfterSuite StopDriver" time="0.0">
    <ignored/>
  </testcase> <!-- @AfterSuite StopDriver -->
  <testcase classname="tests.TestBase" name="@AfterSuite StopDriver" time="0.0">
    <ignored/>
  </testcase> <!-- @AfterSuite StopDriver -->
  <testcase classname="tests.TestBase" name="@BeforeSuite StartDriver" time="0.0">
    <ignored/>
  </testcase> <!-- @BeforeSuite StartDriver -->
  <testcase classname="tests.TestBase" name="@BeforeSuite StartDriver" time="0.0">
    <ignored/>
  </testcase> <!-- @BeforeSuite StartDriver -->
  <testcase classname="tests.TestBase" name="@BeforeSuite StartDriver" time="0.0">
    <ignored/>
  </testcase> <!-- @BeforeSuite StartDriver -->
</testsuite> <!-- Test -->
